# JRE version: OpenJDK Runtime Environment Temurin-21.0.8+9 (21.0.8+9) (build 21.0.8+9-LTS)
# Java VM: OpenJDK 64-Bit Server VM Temurin-21.0.8+9 (21.0.8+9-LTS, mixed mode, sharing, tiered, compressed oops, compressed class ptrs, parallel gc, windows-amd64)
GC Precious Log:
 CardTable entry size: 512
 CPUs: 8 total, 8 available
 Memory: 7914M
 Large Page Support: Disabled
 NUMA Support: Disabled
 Compressed Oops: Enabled (32-bit)
 Alignments: Space 512K, Generation 512K, Heap 2M
 Heap Min Capacity: 100M
 Heap Initial Capacity: 100M
 Heap Max Capacity: 2G
 Pre-touch: Disabled
 Parallel Workers: 8
Heap:
 PSYoungGen      total 10240K, used 6764K [0x00000000d5580000, 0x00000000d6300000, 0x0000000100000000)
  eden space 8704K, 60% used [0x00000000d5580000,0x00000000d5aa0930,0x00000000d5e00000)
  from space 1536K, 98% used [0x00000000d6180000,0x00000000d62fa910,0x00000000d6300000)
  to   space 2048K, 0% used [0x00000000d5f00000,0x00000000d5f00000,0x00000000d6100000)
 ParOldGen       total 743936K, used 743540K [0x0000000080000000, 0x00000000ad680000, 0x00000000d5580000)
  object space 743936K, 99% used [0x0000000080000000,0x00000000ad61d0e0,0x00000000ad680000)
 Metaspace       used 108021K, committed 109760K, reserved 1179648K
  class space    used 10896K, committed 11712K, reserved 1048576K
GC Heap History (20 events):
Event: 3781.451 GC heap before
{Heap before GC invocations=7557 (full 11):
 PSYoungGen      total 10752K, used 9012K [0x00000000d5580000, 0x00000000d6400000, 0x0000000100000000)
  eden space 8704K, 100% used [0x00000000d5580000,0x00000000d5e00000,0x00000000d5e00000)
  from space 2048K, 15% used [0x00000000d6000000,0x00000000d604d200,0x00000000d6200000)
  to   space 1024K, 0% used [0x00000000d6300000,0x00000000d6300000,0x00000000d6400000)
 ParOldGen       total 739840K, used 739679K [0x0000000080000000, 0x00000000ad280000, 0x00000000d5580000)
  object space 739840K, 99% used [0x0000000080000000,0x00000000ad257f10,0x00000000ad280000)
 Metaspace       used 108004K, committed 109760K, reserved 1179648K
  class space    used 10896K, committed 11712K, reserved 1048576K
}
Event: 3781.453 GC heap after
{Heap after GC invocations=7557 (full 11):
 PSYoungGen      total 9728K, used 596K [0x00000000d5580000, 0x00000000d6400000, 0x0000000100000000)
  eden space 8704K, 0% used [0x00000000d5580000,0x00000000d5580000,0x00000000d5e00000)
  from space 1024K, 58% used [0x00000000d6300000,0x00000000d6395200,0x00000000d6400000)
  to   space 1024K, 0% used [0x00000000d6200000,0x00000000d6200000,0x00000000d6300000)
 ParOldGen       total 739840K, used 739727K [0x0000000080000000, 0x00000000ad280000, 0x00000000d5580000)
  object space 739840K, 99% used [0x0000000080000000,0x00000000ad263f10,0x00000000ad280000)
 Metaspace       used 108004K, committed 109760K, reserved 1179648K
  class space    used 10896K, committed 11712K, reserved 1048576K
}
Event: 3915.827 GC heap before
{Heap before GC invocations=7558 (full 11):
 PSYoungGen      total 9728K, used 9300K [0x00000000d5580000, 0x00000000d6400000, 0x0000000100000000)
  eden space 8704K, 100% used [0x00000000d5580000,0x00000000d5e00000,0x00000000d5e00000)
  from space 1024K, 58% used [0x00000000d6300000,0x00000000d6395200,0x00000000d6400000)
  to   space 1024K, 0% used [0x00000000d6200000,0x00000000d6200000,0x00000000d6300000)
 ParOldGen       total 739840K, used 739727K [0x0000000080000000, 0x00000000ad280000, 0x00000000d5580000)
  object space 739840K, 99% used [0x0000000080000000,0x00000000ad263f10,0x00000000ad280000)
 Metaspace       used 108013K, committed 109760K, reserved 1179648K
  class space    used 10896K, committed 11712K, reserved 1048576K
}
Event: 3915.875 GC heap after
{Heap after GC invocations=7558 (full 11):
 PSYoungGen      total 9728K, used 272K [0x00000000d5580000, 0x00000000d6380000, 0x0000000100000000)
  eden space 8704K, 0% used [0x00000000d5580000,0x00000000d5580000,0x00000000d5e00000)
  from space 1024K, 26% used [0x00000000d6200000,0x00000000d6244010,0x00000000d6300000)
  to   space 512K, 0% used [0x00000000d6300000,0x00000000d6300000,0x00000000d6380000)
 ParOldGen       total 739840K, used 739751K [0x0000000080000000, 0x00000000ad280000, 0x00000000d5580000)
  object space 739840K, 99% used [0x0000000080000000,0x00000000ad269f10,0x00000000ad280000)
 Metaspace       used 108013K, committed 109760K, reserved 1179648K
  class space    used 10896K, committed 11712K, reserved 1048576K
}
Event: 3933.943 GC heap before
{Heap before GC invocations=7559 (full 11):
 PSYoungGen      total 9728K, used 8976K [0x00000000d5580000, 0x00000000d6380000, 0x0000000100000000)
  eden space 8704K, 100% used [0x00000000d5580000,0x00000000d5e00000,0x00000000d5e00000)
  from space 1024K, 26% used [0x00000000d6200000,0x00000000d6244010,0x00000000d6300000)
  to   space 512K, 0% used [0x00000000d6300000,0x00000000d6300000,0x00000000d6380000)
 ParOldGen       total 739840K, used 739751K [0x0000000080000000, 0x00000000ad280000, 0x00000000d5580000)
  object space 739840K, 99% used [0x0000000080000000,0x00000000ad269f10,0x00000000ad280000)
 Metaspace       used 108013K, committed 109760K, reserved 1179648K
  class space    used 10896K, committed 11712K, reserved 1048576K
}
Event: 3933.947 GC heap after
{Heap after GC invocations=7559 (full 11):
 PSYoungGen      total 9216K, used 500K [0x00000000d5580000, 0x00000000d6380000, 0x0000000100000000)
  eden space 8704K, 0% used [0x00000000d5580000,0x00000000d5580000,0x00000000d5e00000)
  from space 512K, 97% used [0x00000000d6300000,0x00000000d637d200,0x00000000d6380000)
  to   space 1024K, 0% used [0x00000000d6180000,0x00000000d6180000,0x00000000d6280000)
 ParOldGen       total 740352K, used 739975K [0x0000000080000000, 0x00000000ad300000, 0x00000000d5580000)
  object space 740352K, 99% used [0x0000000080000000,0x00000000ad2a1f60,0x00000000ad300000)
 Metaspace       used 108013K, committed 109760K, reserved 1179648K
  class space    used 10896K, committed 11712K, reserved 1048576K
}
Event: 4012.687 GC heap before
{Heap before GC invocations=7560 (full 11):
 PSYoungGen      total 9216K, used 9204K [0x00000000d5580000, 0x00000000d6380000, 0x0000000100000000)
  eden space 8704K, 100% used [0x00000000d5580000,0x00000000d5e00000,0x00000000d5e00000)
  from space 512K, 97% used [0x00000000d6300000,0x00000000d637d200,0x00000000d6380000)
  to   space 1024K, 0% used [0x00000000d6180000,0x00000000d6180000,0x00000000d6280000)
 ParOldGen       total 740352K, used 739975K [0x0000000080000000, 0x00000000ad300000, 0x00000000d5580000)
  object space 740352K, 99% used [0x0000000080000000,0x00000000ad2a1f60,0x00000000ad300000)
 Metaspace       used 108013K, committed 109760K, reserved 1179648K
  class space    used 10896K, committed 11712K, reserved 1048576K
}
Event: 4012.713 GC heap after
{Heap after GC invocations=7560 (full 11):
 PSYoungGen      total 9728K, used 884K [0x00000000d5580000, 0x00000000d6380000, 0x0000000100000000)
  eden space 8704K, 0% used [0x00000000d5580000,0x00000000d5580000,0x00000000d5e00000)
  from space 1024K, 86% used [0x00000000d6180000,0x00000000d625d200,0x00000000d6280000)
  to   space 1024K, 0% used [0x00000000d6280000,0x00000000d6280000,0x00000000d6380000)
 ParOldGen       total 740864K, used 740405K [0x0000000080000000, 0x00000000ad380000, 0x00000000d5580000)
  object space 740864K, 99% used [0x0000000080000000,0x00000000ad30d440,0x00000000ad380000)
 Metaspace       used 108013K, committed 109760K, reserved 1179648K
  class space    used 10896K, committed 11712K, reserved 1048576K
}
Event: 4013.681 GC heap before
{Heap before GC invocations=7561 (full 11):
 PSYoungGen      total 9728K, used 9588K [0x00000000d5580000, 0x00000000d6380000, 0x0000000100000000)
  eden space 8704K, 100% used [0x00000000d5580000,0x00000000d5e00000,0x00000000d5e00000)
  from space 1024K, 86% used [0x00000000d6180000,0x00000000d625d200,0x00000000d6280000)
  to   space 1024K, 0% used [0x00000000d6280000,0x00000000d6280000,0x00000000d6380000)
 ParOldGen       total 740864K, used 740405K [0x0000000080000000, 0x00000000ad380000, 0x00000000d5580000)
  object space 740864K, 99% used [0x0000000080000000,0x00000000ad30d440,0x00000000ad380000)
 Metaspace       used 108013K, committed 109760K, reserved 1179648K
  class space    used 10896K, committed 11712K, reserved 1048576K
}
Event: 4013.684 GC heap after
{Heap after GC invocations=7561 (full 11):
 PSYoungGen      total 9728K, used 564K [0x00000000d5580000, 0x00000000d6380000, 0x0000000100000000)
  eden space 8704K, 0% used [0x00000000d5580000,0x00000000d5580000,0x00000000d5e00000)
  from space 1024K, 55% used [0x00000000d6280000,0x00000000d630d200,0x00000000d6380000)
  to   space 1024K, 0% used [0x00000000d6180000,0x00000000d6180000,0x00000000d6280000)
 ParOldGen       total 740864K, used 740797K [0x0000000080000000, 0x00000000ad380000, 0x00000000d5580000)
  object space 740864K, 99% used [0x0000000080000000,0x00000000ad36f720,0x00000000ad380000)
 Metaspace       used 108013K, committed 109760K, reserved 1179648K
  class space    used 10896K, committed 11712K, reserved 1048576K
}
Event: 4016.169 GC heap before
{Heap before GC invocations=7562 (full 11):
 PSYoungGen      total 9728K, used 9268K [0x00000000d5580000, 0x00000000d6380000, 0x0000000100000000)
  eden space 8704K, 100% used [0x00000000d5580000,0x00000000d5e00000,0x00000000d5e00000)
  from space 1024K, 55% used [0x00000000d6280000,0x00000000d630d200,0x00000000d6380000)
  to   space 1024K, 0% used [0x00000000d6180000,0x00000000d6180000,0x00000000d6280000)
 ParOldGen       total 740864K, used 740797K [0x0000000080000000, 0x00000000ad380000, 0x00000000d5580000)
  object space 740864K, 99% used [0x0000000080000000,0x00000000ad36f720,0x00000000ad380000)
 Metaspace       used 108013K, committed 109760K, reserved 1179648K
  class space    used 10896K, committed 11712K, reserved 1048576K
}
Event: 4016.171 GC heap after
{Heap after GC invocations=7562 (full 11):
 PSYoungGen      total 9728K, used 538K [0x00000000d5580000, 0x00000000d6300000, 0x0000000100000000)
  eden space 8704K, 0% used [0x00000000d5580000,0x00000000d5580000,0x00000000d5e00000)
  from space 1024K, 52% used [0x00000000d6180000,0x00000000d6206900,0x00000000d6280000)
  to   space 512K, 0% used [0x00000000d6280000,0x00000000d6280000,0x00000000d6300000)
 ParOldGen       total 740864K, used 740797K [0x0000000080000000, 0x00000000ad380000, 0x00000000d5580000)
  object space 740864K, 99% used [0x0000000080000000,0x00000000ad36f720,0x00000000ad380000)
 Metaspace       used 108013K, committed 109760K, reserved 1179648K
  class space    used 10896K, committed 11712K, reserved 1048576K
}
Event: 4021.996 GC heap before
{Heap before GC invocations=7563 (full 11):
 PSYoungGen      total 9728K, used 9242K [0x00000000d5580000, 0x00000000d6300000, 0x0000000100000000)
  eden space 8704K, 100% used [0x00000000d5580000,0x00000000d5e00000,0x00000000d5e00000)
  from space 1024K, 52% used [0x00000000d6180000,0x00000000d6206900,0x00000000d6280000)
  to   space 512K, 0% used [0x00000000d6280000,0x00000000d6280000,0x00000000d6300000)
 ParOldGen       total 740864K, used 740797K [0x0000000080000000, 0x00000000ad380000, 0x00000000d5580000)
  object space 740864K, 99% used [0x0000000080000000,0x00000000ad36f720,0x00000000ad380000)
 Metaspace       used 108013K, committed 109760K, reserved 1179648K
  class space    used 10896K, committed 11712K, reserved 1048576K
}
Event: 4022.000 GC heap after
{Heap after GC invocations=7563 (full 11):
 PSYoungGen      total 9216K, used 426K [0x00000000d5580000, 0x00000000d6300000, 0x0000000100000000)
  eden space 8704K, 0% used [0x00000000d5580000,0x00000000d5580000,0x00000000d5e00000)
  from space 512K, 83% used [0x00000000d6280000,0x00000000d62ea910,0x00000000d6300000)
  to   space 512K, 0% used [0x00000000d6200000,0x00000000d6200000,0x00000000d6280000)
 ParOldGen       total 740864K, used 740797K [0x0000000080000000, 0x00000000ad380000, 0x00000000d5580000)
  object space 740864K, 99% used [0x0000000080000000,0x00000000ad36f720,0x00000000ad380000)
 Metaspace       used 108013K, committed 109760K, reserved 1179648K
  class space    used 10896K, committed 11712K, reserved 1048576K
}
Event: 4028.161 GC heap before
{Heap before GC invocations=7564 (full 11):
 PSYoungGen      total 9216K, used 9130K [0x00000000d5580000, 0x00000000d6300000, 0x0000000100000000)
  eden space 8704K, 99% used [0x00000000d5580000,0x00000000d5dffff0,0x00000000d5e00000)
  from space 512K, 83% used [0x00000000d6280000,0x00000000d62ea910,0x00000000d6300000)
  to   space 512K, 0% used [0x00000000d6200000,0x00000000d6200000,0x00000000d6280000)
 ParOldGen       total 740864K, used 740797K [0x0000000080000000, 0x00000000ad380000, 0x00000000d5580000)
  object space 740864K, 99% used [0x0000000080000000,0x00000000ad36f720,0x00000000ad380000)
 Metaspace       used 108021K, committed 109760K, reserved 1179648K
  class space    used 10896K, committed 11712K, reserved 1048576K
}
Event: 4028.164 GC heap after
{Heap after GC invocations=7564 (full 11):
 PSYoungGen      total 9216K, used 506K [0x00000000d5580000, 0x00000000d6300000, 0x0000000100000000)
  eden space 8704K, 0% used [0x00000000d5580000,0x00000000d5580000,0x00000000d5e00000)
  from space 512K, 98% used [0x00000000d6200000,0x00000000d627e900,0x00000000d6280000)
  to   space 512K, 0% used [0x00000000d6280000,0x00000000d6280000,0x00000000d6300000)
 ParOldGen       total 740864K, used 740853K [0x0000000080000000, 0x00000000ad380000, 0x00000000d5580000)
  object space 740864K, 99% used [0x0000000080000000,0x00000000ad37d720,0x00000000ad380000)
 Metaspace       used 108021K, committed 109760K, reserved 1179648K
  class space    used 10896K, committed 11712K, reserved 1048576K
}
Event: 4028.185 GC heap before
{Heap before GC invocations=7565 (full 11):
 PSYoungGen      total 9216K, used 9210K [0x00000000d5580000, 0x00000000d6300000, 0x0000000100000000)
  eden space 8704K, 100% used [0x00000000d5580000,0x00000000d5e00000,0x00000000d5e00000)
  from space 512K, 98% used [0x00000000d6200000,0x00000000d627e900,0x00000000d6280000)
  to   space 512K, 0% used [0x00000000d6280000,0x00000000d6280000,0x00000000d6300000)
 ParOldGen       total 740864K, used 740853K [0x0000000080000000, 0x00000000ad380000, 0x00000000d5580000)
  object space 740864K, 99% used [0x0000000080000000,0x00000000ad37d720,0x00000000ad380000)
 Metaspace       used 108021K, committed 109760K, reserved 1179648K
  class space    used 10896K, committed 11712K, reserved 1048576K
}
Event: 4028.188 GC heap after
{Heap after GC invocations=7565 (full 11):
 PSYoungGen      total 9216K, used 512K [0x00000000d5580000, 0x00000000d6300000, 0x0000000100000000)
  eden space 8704K, 0% used [0x00000000d5580000,0x00000000d5580000,0x00000000d5e00000)
  from space 512K, 100% used [0x00000000d6280000,0x00000000d6300000,0x00000000d6300000)
  to   space 2560K, 0% used [0x00000000d5e00000,0x00000000d5e00000,0x00000000d6080000)
 ParOldGen       total 742912K, used 742528K [0x0000000080000000, 0x00000000ad580000, 0x00000000d5580000)
  object space 742912K, 99% used [0x0000000080000000,0x00000000ad5202f8,0x00000000ad580000)
 Metaspace       used 108021K, committed 109760K, reserved 1179648K
  class space    used 10896K, committed 11712K, reserved 1048576K
}
Event: 4028.723 GC heap before
{Heap before GC invocations=7566 (full 11):
 PSYoungGen      total 9216K, used 9216K [0x00000000d5580000, 0x00000000d6300000, 0x0000000100000000)
  eden space 8704K, 100% used [0x00000000d5580000,0x00000000d5e00000,0x00000000d5e00000)
  from space 512K, 100% used [0x00000000d6280000,0x00000000d6300000,0x00000000d6300000)
  to   space 2560K, 0% used [0x00000000d5e00000,0x00000000d5e00000,0x00000000d6080000)
 ParOldGen       total 742912K, used 742528K [0x0000000080000000, 0x00000000ad580000, 0x00000000d5580000)
  object space 742912K, 99% used [0x0000000080000000,0x00000000ad5202f8,0x00000000ad580000)
 Metaspace       used 108021K, committed 109760K, reserved 1179648K
  class space    used 10896K, committed 11712K, reserved 1048576K
}
Event: 4029.369 GC heap after
{Heap after GC invocations=7566 (full 11):
 PSYoungGen      total 11264K, used 580K [0x00000000d5580000, 0x00000000d6300000, 0x0000000100000000)
  eden space 8704K, 0% used [0x00000000d5580000,0x00000000d5580000,0x00000000d5e00000)
  from space 2560K, 22% used [0x00000000d5e00000,0x00000000d5e91210,0x00000000d6080000)
  to   space 1536K, 0% used [0x00000000d6180000,0x00000000d6180000,0x00000000d6300000)
 ParOldGen       total 743424K, used 743054K [0x0000000080000000, 0x00000000ad600000, 0x00000000d5580000)
  object space 743424K, 99% used [0x0000000080000000,0x00000000ad5a3860,0x00000000ad600000)
 Metaspace       used 108021K, committed 109760K, reserved 1179648K
  class space    used 10896K, committed 11712K, reserved 1048576K
}

