# JRE version: OpenJDK Runtime Environment Temurin-21.0.8+9 (21.0.8+9) (build 21.0.8+9-LTS)
# Java VM: OpenJDK 64-Bit Server VM Temurin-21.0.8+9 (21.0.8+9-LTS, mixed mode, sharing, tiered, compressed oops, compressed class ptrs, parallel gc, windows-amd64)
GC Precious Log:
 CardTable entry size: 512
 CPUs: 8 total, 8 available
 Memory: 7914M
 Large Page Support: Disabled
 NUMA Support: Disabled
 Compressed Oops: Enabled (32-bit)
 Alignments: Space 512K, Generation 512K, Heap 2M
 Heap Min Capacity: 100M
 Heap Initial Capacity: 100M
 Heap Max Capacity: 2G
 Pre-touch: Disabled
 Parallel Workers: 8
Heap:
 PSYoungGen      total 16384K, used 11623K [0x00000000d5580000, 0x00000000d6900000, 0x0000000100000000)
  eden space 14336K, 68% used [0x00000000d5580000,0x00000000d5f19d28,0x00000000d6380000)
  from space 2048K, 87% used [0x00000000d6700000,0x00000000d68bff88,0x00000000d6900000)
  to   space 2560K, 0% used [0x00000000d6400000,0x00000000d6400000,0x00000000d6680000)
 ParOldGen       total 68608K, used 43167K [0x0000000080000000, 0x0000000084300000, 0x00000000d5580000)
  object space 68608K, 62% used [0x0000000080000000,0x0000000082a27c78,0x0000000084300000)
 Metaspace       used 44901K, committed 46080K, reserved 1114112K
  class space    used 4460K, committed 4992K, reserved 1048576K
GC Heap History (20 events):
Event: 4.393 GC heap before
{Heap before GC invocations=21 (full 2):
 PSYoungGen      total 18432K, used 18304K [0x00000000d5580000, 0x00000000d6d00000, 0x0000000100000000)
  eden space 17920K, 100% used [0x00000000d5580000,0x00000000d6700000,0x00000000d6700000)
  from space 512K, 75% used [0x00000000d6c80000,0x00000000d6ce0000,0x00000000d6d00000)
  to   space 1024K, 0% used [0x00000000d6b00000,0x00000000d6b00000,0x00000000d6c00000)
 ParOldGen       total 68608K, used 29919K [0x0000000080000000, 0x0000000084300000, 0x00000000d5580000)
  object space 68608K, 43% used [0x0000000080000000,0x0000000081d37de8,0x0000000084300000)
 Metaspace       used 36638K, committed 37568K, reserved 1114112K
  class space    used 3728K, committed 4160K, reserved 1048576K
}
Event: 4.394 GC heap after
{Heap after GC invocations=21 (full 2):
 PSYoungGen      total 18944K, used 999K [0x00000000d5580000, 0x00000000d6d00000, 0x0000000100000000)
  eden space 17920K, 0% used [0x00000000d5580000,0x00000000d5580000,0x00000000d6700000)
  from space 1024K, 97% used [0x00000000d6b00000,0x00000000d6bf9de0,0x00000000d6c00000)
  to   space 1024K, 0% used [0x00000000d6c00000,0x00000000d6c00000,0x00000000d6d00000)
 ParOldGen       total 68608K, used 30770K [0x0000000080000000, 0x0000000084300000, 0x00000000d5580000)
  object space 68608K, 44% used [0x0000000080000000,0x0000000081e0ca60,0x0000000084300000)
 Metaspace       used 36638K, committed 37568K, reserved 1114112K
  class space    used 3728K, committed 4160K, reserved 1048576K
}
Event: 4.444 GC heap before
{Heap before GC invocations=22 (full 2):
 PSYoungGen      total 18944K, used 18919K [0x00000000d5580000, 0x00000000d6d00000, 0x0000000100000000)
  eden space 17920K, 100% used [0x00000000d5580000,0x00000000d6700000,0x00000000d6700000)
  from space 1024K, 97% used [0x00000000d6b00000,0x00000000d6bf9de0,0x00000000d6c00000)
  to   space 1024K, 0% used [0x00000000d6c00000,0x00000000d6c00000,0x00000000d6d00000)
 ParOldGen       total 68608K, used 30770K [0x0000000080000000, 0x0000000084300000, 0x00000000d5580000)
  object space 68608K, 44% used [0x0000000080000000,0x0000000081e0ca60,0x0000000084300000)
 Metaspace       used 36661K, committed 37632K, reserved 1114112K
  class space    used 3728K, committed 4160K, reserved 1048576K
}
Event: 4.445 GC heap after
{Heap after GC invocations=22 (full 2):
 PSYoungGen      total 18944K, used 893K [0x00000000d5580000, 0x00000000d6d00000, 0x0000000100000000)
  eden space 17920K, 0% used [0x00000000d5580000,0x00000000d5580000,0x00000000d6700000)
  from space 1024K, 87% used [0x00000000d6c00000,0x00000000d6cdf4a8,0x00000000d6d00000)
  to   space 1536K, 0% used [0x00000000d6a00000,0x00000000d6a00000,0x00000000d6b80000)
 ParOldGen       total 68608K, used 31719K [0x0000000080000000, 0x0000000084300000, 0x00000000d5580000)
  object space 68608K, 46% used [0x0000000080000000,0x0000000081ef9cc8,0x0000000084300000)
 Metaspace       used 36661K, committed 37632K, reserved 1114112K
  class space    used 3728K, committed 4160K, reserved 1048576K
}
Event: 4.520 GC heap before
{Heap before GC invocations=23 (full 2):
 PSYoungGen      total 18944K, used 18813K [0x00000000d5580000, 0x00000000d6d00000, 0x0000000100000000)
  eden space 17920K, 100% used [0x00000000d5580000,0x00000000d6700000,0x00000000d6700000)
  from space 1024K, 87% used [0x00000000d6c00000,0x00000000d6cdf4a8,0x00000000d6d00000)
  to   space 1536K, 0% used [0x00000000d6a00000,0x00000000d6a00000,0x00000000d6b80000)
 ParOldGen       total 68608K, used 31719K [0x0000000080000000, 0x0000000084300000, 0x00000000d5580000)
  object space 68608K, 46% used [0x0000000080000000,0x0000000081ef9cc8,0x0000000084300000)
 Metaspace       used 37636K, committed 38592K, reserved 1114112K
  class space    used 3821K, committed 4288K, reserved 1048576K
}
Event: 4.520 GC heap after
{Heap after GC invocations=23 (full 2):
 PSYoungGen      total 19456K, used 256K [0x00000000d5580000, 0x00000000d6c80000, 0x0000000100000000)
  eden space 17920K, 0% used [0x00000000d5580000,0x00000000d5580000,0x00000000d6700000)
  from space 1536K, 16% used [0x00000000d6a00000,0x00000000d6a40000,0x00000000d6b80000)
  to   space 1024K, 0% used [0x00000000d6b80000,0x00000000d6b80000,0x00000000d6c80000)
 ParOldGen       total 68608K, used 31743K [0x0000000080000000, 0x0000000084300000, 0x00000000d5580000)
  object space 68608K, 46% used [0x0000000080000000,0x0000000081effcc8,0x0000000084300000)
 Metaspace       used 37636K, committed 38592K, reserved 1114112K
  class space    used 3821K, committed 4288K, reserved 1048576K
}
Event: 4.751 GC heap before
{Heap before GC invocations=24 (full 2):
 PSYoungGen      total 19456K, used 18176K [0x00000000d5580000, 0x00000000d6c80000, 0x0000000100000000)
  eden space 17920K, 100% used [0x00000000d5580000,0x00000000d6700000,0x00000000d6700000)
  from space 1536K, 16% used [0x00000000d6a00000,0x00000000d6a40000,0x00000000d6b80000)
  to   space 1024K, 0% used [0x00000000d6b80000,0x00000000d6b80000,0x00000000d6c80000)
 ParOldGen       total 68608K, used 31743K [0x0000000080000000, 0x0000000084300000, 0x00000000d5580000)
  object space 68608K, 46% used [0x0000000080000000,0x0000000081effcc8,0x0000000084300000)
 Metaspace       used 39235K, committed 40192K, reserved 1114112K
  class space    used 3986K, committed 4416K, reserved 1048576K
}
Event: 4.753 GC heap after
{Heap after GC invocations=24 (full 2):
 PSYoungGen      total 18944K, used 1008K [0x00000000d5580000, 0x00000000d6c80000, 0x0000000100000000)
  eden space 17920K, 0% used [0x00000000d5580000,0x00000000d5580000,0x00000000d6700000)
  from space 1024K, 98% used [0x00000000d6b80000,0x00000000d6c7c010,0x00000000d6c80000)
  to   space 2048K, 0% used [0x00000000d6880000,0x00000000d6880000,0x00000000d6a80000)
 ParOldGen       total 68608K, used 32473K [0x0000000080000000, 0x0000000084300000, 0x00000000d5580000)
  object space 68608K, 47% used [0x0000000080000000,0x0000000081fb6680,0x0000000084300000)
 Metaspace       used 39235K, committed 40192K, reserved 1114112K
  class space    used 3986K, committed 4416K, reserved 1048576K
}
Event: 5.089 GC heap before
{Heap before GC invocations=25 (full 2):
 PSYoungGen      total 18944K, used 18928K [0x00000000d5580000, 0x00000000d6c80000, 0x0000000100000000)
  eden space 17920K, 100% used [0x00000000d5580000,0x00000000d6700000,0x00000000d6700000)
  from space 1024K, 98% used [0x00000000d6b80000,0x00000000d6c7c010,0x00000000d6c80000)
  to   space 2048K, 0% used [0x00000000d6880000,0x00000000d6880000,0x00000000d6a80000)
 ParOldGen       total 68608K, used 32473K [0x0000000080000000, 0x0000000084300000, 0x00000000d5580000)
  object space 68608K, 47% used [0x0000000080000000,0x0000000081fb6680,0x0000000084300000)
 Metaspace       used 39868K, committed 40896K, reserved 1114112K
  class space    used 4039K, committed 4480K, reserved 1048576K
}
Event: 5.091 GC heap after
{Heap after GC invocations=25 (full 2):
 PSYoungGen      total 19968K, used 720K [0x00000000d5580000, 0x00000000d6c00000, 0x0000000100000000)
  eden space 17920K, 0% used [0x00000000d5580000,0x00000000d5580000,0x00000000d6700000)
  from space 2048K, 35% used [0x00000000d6880000,0x00000000d6934010,0x00000000d6a80000)
  to   space 1536K, 0% used [0x00000000d6a80000,0x00000000d6a80000,0x00000000d6c00000)
 ParOldGen       total 68608K, used 33465K [0x0000000080000000, 0x0000000084300000, 0x00000000d5580000)
  object space 68608K, 48% used [0x0000000080000000,0x00000000820ae6d0,0x0000000084300000)
 Metaspace       used 39868K, committed 40896K, reserved 1114112K
  class space    used 4039K, committed 4480K, reserved 1048576K
}
Event: 5.444 GC heap before
{Heap before GC invocations=26 (full 2):
 PSYoungGen      total 19968K, used 18640K [0x00000000d5580000, 0x00000000d6c00000, 0x0000000100000000)
  eden space 17920K, 100% used [0x00000000d5580000,0x00000000d6700000,0x00000000d6700000)
  from space 2048K, 35% used [0x00000000d6880000,0x00000000d6934010,0x00000000d6a80000)
  to   space 1536K, 0% used [0x00000000d6a80000,0x00000000d6a80000,0x00000000d6c00000)
 ParOldGen       total 68608K, used 33465K [0x0000000080000000, 0x0000000084300000, 0x00000000d5580000)
  object space 68608K, 48% used [0x0000000080000000,0x00000000820ae6d0,0x0000000084300000)
 Metaspace       used 41568K, committed 42624K, reserved 1114112K
  class space    used 4216K, committed 4672K, reserved 1048576K
}
Event: 5.447 GC heap after
{Heap after GC invocations=26 (full 2):
 PSYoungGen      total 19456K, used 1514K [0x00000000d5580000, 0x00000000d6c00000, 0x0000000100000000)
  eden space 17920K, 0% used [0x00000000d5580000,0x00000000d5580000,0x00000000d6700000)
  from space 1536K, 98% used [0x00000000d6a80000,0x00000000d6bfabd0,0x00000000d6c00000)
  to   space 2560K, 0% used [0x00000000d6700000,0x00000000d6700000,0x00000000d6980000)
 ParOldGen       total 68608K, used 34218K [0x0000000080000000, 0x0000000084300000, 0x00000000d5580000)
  object space 68608K, 49% used [0x0000000080000000,0x000000008216a9f8,0x0000000084300000)
 Metaspace       used 41568K, committed 42624K, reserved 1114112K
  class space    used 4216K, committed 4672K, reserved 1048576K
}
Event: 5.722 GC heap before
{Heap before GC invocations=27 (full 2):
 PSYoungGen      total 19456K, used 19434K [0x00000000d5580000, 0x00000000d6c00000, 0x0000000100000000)
  eden space 17920K, 100% used [0x00000000d5580000,0x00000000d6700000,0x00000000d6700000)
  from space 1536K, 98% used [0x00000000d6a80000,0x00000000d6bfabd0,0x00000000d6c00000)
  to   space 2560K, 0% used [0x00000000d6700000,0x00000000d6700000,0x00000000d6980000)
 ParOldGen       total 68608K, used 34218K [0x0000000080000000, 0x0000000084300000, 0x00000000d5580000)
  object space 68608K, 49% used [0x0000000080000000,0x000000008216a9f8,0x0000000084300000)
 Metaspace       used 42336K, committed 43328K, reserved 1114112K
  class space    used 4283K, committed 4736K, reserved 1048576K
}
Event: 5.724 GC heap after
{Heap after GC invocations=27 (full 2):
 PSYoungGen      total 20480K, used 2295K [0x00000000d5580000, 0x00000000d6c00000, 0x0000000100000000)
  eden space 17920K, 0% used [0x00000000d5580000,0x00000000d5580000,0x00000000d6700000)
  from space 2560K, 89% used [0x00000000d6700000,0x00000000d693dd98,0x00000000d6980000)
  to   space 2560K, 0% used [0x00000000d6980000,0x00000000d6980000,0x00000000d6c00000)
 ParOldGen       total 68608K, used 35670K [0x0000000080000000, 0x0000000084300000, 0x00000000d5580000)
  object space 68608K, 51% used [0x0000000080000000,0x00000000822d58e0,0x0000000084300000)
 Metaspace       used 42336K, committed 43328K, reserved 1114112K
  class space    used 4283K, committed 4736K, reserved 1048576K
}
Event: 5.923 GC heap before
{Heap before GC invocations=28 (full 2):
 PSYoungGen      total 20480K, used 20215K [0x00000000d5580000, 0x00000000d6c00000, 0x0000000100000000)
  eden space 17920K, 100% used [0x00000000d5580000,0x00000000d6700000,0x00000000d6700000)
  from space 2560K, 89% used [0x00000000d6700000,0x00000000d693dd98,0x00000000d6980000)
  to   space 2560K, 0% used [0x00000000d6980000,0x00000000d6980000,0x00000000d6c00000)
 ParOldGen       total 68608K, used 35670K [0x0000000080000000, 0x0000000084300000, 0x00000000d5580000)
  object space 68608K, 51% used [0x0000000080000000,0x00000000822d58e0,0x0000000084300000)
 Metaspace       used 43181K, committed 44288K, reserved 1114112K
  class space    used 4348K, committed 4864K, reserved 1048576K
}
Event: 5.929 GC heap after
{Heap after GC invocations=28 (full 2):
 PSYoungGen      total 16896K, used 2528K [0x00000000d5580000, 0x00000000d7300000, 0x0000000100000000)
  eden space 14336K, 0% used [0x00000000d5580000,0x00000000d5580000,0x00000000d6380000)
  from space 2560K, 98% used [0x00000000d6980000,0x00000000d6bf8310,0x00000000d6c00000)
  to   space 6144K, 0% used [0x00000000d6380000,0x00000000d6380000,0x00000000d6980000)
 ParOldGen       total 68608K, used 38612K [0x0000000080000000, 0x0000000084300000, 0x00000000d5580000)
  object space 68608K, 56% used [0x0000000080000000,0x00000000825b5280,0x0000000084300000)
 Metaspace       used 43181K, committed 44288K, reserved 1114112K
  class space    used 4348K, committed 4864K, reserved 1048576K
}
Event: 6.105 GC heap before
{Heap before GC invocations=29 (full 2):
 PSYoungGen      total 16896K, used 16864K [0x00000000d5580000, 0x00000000d7300000, 0x0000000100000000)
  eden space 14336K, 100% used [0x00000000d5580000,0x00000000d6380000,0x00000000d6380000)
  from space 2560K, 98% used [0x00000000d6980000,0x00000000d6bf8310,0x00000000d6c00000)
  to   space 6144K, 0% used [0x00000000d6380000,0x00000000d6380000,0x00000000d6980000)
 ParOldGen       total 68608K, used 38612K [0x0000000080000000, 0x0000000084300000, 0x00000000d5580000)
  object space 68608K, 56% used [0x0000000080000000,0x00000000825b5280,0x0000000084300000)
 Metaspace       used 44339K, committed 45504K, reserved 1114112K
  class space    used 4443K, committed 4992K, reserved 1048576K
}
Event: 6.111 GC heap after
{Heap after GC invocations=29 (full 2):
 PSYoungGen      total 16896K, used 2441K [0x00000000d5580000, 0x00000000d6a80000, 0x0000000100000000)
  eden space 14336K, 0% used [0x00000000d5580000,0x00000000d5580000,0x00000000d6380000)
  from space 2560K, 95% used [0x00000000d6380000,0x00000000d65e2428,0x00000000d6600000)
  to   space 3584K, 0% used [0x00000000d6700000,0x00000000d6700000,0x00000000d6a80000)
 ParOldGen       total 68608K, used 40953K [0x0000000080000000, 0x0000000084300000, 0x00000000d5580000)
  object space 68608K, 59% used [0x0000000080000000,0x00000000827fe538,0x0000000084300000)
 Metaspace       used 44339K, committed 45504K, reserved 1114112K
  class space    used 4443K, committed 4992K, reserved 1048576K
}
Event: 13.517 GC heap before
{Heap before GC invocations=30 (full 2):
 PSYoungGen      total 16896K, used 16777K [0x00000000d5580000, 0x00000000d6a80000, 0x0000000100000000)
  eden space 14336K, 100% used [0x00000000d5580000,0x00000000d6380000,0x00000000d6380000)
  from space 2560K, 95% used [0x00000000d6380000,0x00000000d65e2428,0x00000000d6600000)
  to   space 3584K, 0% used [0x00000000d6700000,0x00000000d6700000,0x00000000d6a80000)
 ParOldGen       total 68608K, used 40953K [0x0000000080000000, 0x0000000084300000, 0x00000000d5580000)
  object space 68608K, 59% used [0x0000000080000000,0x00000000827fe538,0x0000000084300000)
 Metaspace       used 44833K, committed 46016K, reserved 1114112K
  class space    used 4459K, committed 4992K, reserved 1048576K
}
Event: 13.522 GC heap after
{Heap after GC invocations=30 (full 2):
 PSYoungGen      total 16384K, used 1791K [0x00000000d5580000, 0x00000000d6900000, 0x0000000100000000)
  eden space 14336K, 0% used [0x00000000d5580000,0x00000000d5580000,0x00000000d6380000)
  from space 2048K, 87% used [0x00000000d6700000,0x00000000d68bff88,0x00000000d6900000)
  to   space 2560K, 0% used [0x00000000d6400000,0x00000000d6400000,0x00000000d6680000)
 ParOldGen       total 68608K, used 43167K [0x0000000080000000, 0x0000000084300000, 0x00000000d5580000)
  object space 68608K, 62% used [0x0000000080000000,0x0000000082a27c78,0x0000000084300000)
 Metaspace       used 44833K, committed 46016K, reserved 1114112K
  class space    used 4459K, committed 4992K, reserved 1048576K
}

