# JRE version: OpenJDK Runtime Environment Temurin-17.0.8.1+1 (17.0.8.1+1) (build 17.0.8.1+1)
# Java VM: OpenJDK 64-Bit Server VM Temurin-17.0.8.1+1 (17.0.8.1+1, mixed mode, sharing, tiered, compressed oops, compressed class ptrs, g1 gc, windows-amd64)
GC Precious Log:
 CPUs: 8 total, 8 available
 Memory: 7914M
 Large Page Support: Disabled
 NUMA Support: Disabled
 Compressed Oops: Enabled (32-bit)
 Heap Region Size: 1M
 Heap Min Capacity: 8M
 Heap Initial Capacity: 124M
 Heap Max Capacity: 1980M
 Pre-touch: Disabled
 Parallel Workers: 8
 Concurrent Workers: 2
 Concurrent Refinement Workers: 8
 Periodic GC: Disabled
Heap:
 garbage-first heap   total 72704K, used 53989K [0x0000000084400000, 0x0000000100000000)
  region size 1024K, 26 young (26624K), 3 survivors (3072K)
 Metaspace       used 73176K, committed 73728K, reserved 1114112K
  class space    used 10207K, committed 10496K, reserved 1048576K
GC Heap History (20 events):
Event: 6.516 GC heap before
{Heap before GC invocations=6 (full 0):
 garbage-first heap   total 58368K, used 39513K [0x0000000084400000, 0x0000000100000000)
  region size 1024K, 23 young (23552K), 1 survivors (1024K)
 Metaspace       used 29494K, committed 29888K, reserved 1114112K
  class space    used 3779K, committed 3968K, reserved 1048576K
}
Event: 6.524 GC heap after
{Heap after GC invocations=7 (full 0):
 garbage-first heap   total 72704K, used 19873K [0x0000000084400000, 0x0000000100000000)
  region size 1024K, 3 young (3072K), 3 survivors (3072K)
 Metaspace       used 29494K, committed 29888K, reserved 1114112K
  class space    used 3779K, committed 3968K, reserved 1048576K
}
Event: 7.015 GC heap before
{Heap before GC invocations=7 (full 0):
 garbage-first heap   total 72704K, used 46497K [0x0000000084400000, 0x0000000100000000)
  region size 1024K, 30 young (30720K), 3 survivors (3072K)
 Metaspace       used 35594K, committed 35968K, reserved 1114112K
  class space    used 4728K, committed 4928K, reserved 1048576K
}
Event: 7.021 GC heap after
{Heap after GC invocations=8 (full 0):
 garbage-first heap   total 72704K, used 21501K [0x0000000084400000, 0x0000000100000000)
  region size 1024K, 4 young (4096K), 4 survivors (4096K)
 Metaspace       used 35594K, committed 35968K, reserved 1114112K
  class space    used 4728K, committed 4928K, reserved 1048576K
}
Event: 7.890 GC heap before
{Heap before GC invocations=9 (full 0):
 garbage-first heap   total 72704K, used 53245K [0x0000000084400000, 0x0000000100000000)
  region size 1024K, 35 young (35840K), 4 survivors (4096K)
 Metaspace       used 47183K, committed 47680K, reserved 1114112K
  class space    used 6216K, committed 6464K, reserved 1048576K
}
Event: 7.898 GC heap after
{Heap after GC invocations=10 (full 0):
 garbage-first heap   total 72704K, used 24507K [0x0000000084400000, 0x0000000100000000)
  region size 1024K, 5 young (5120K), 5 survivors (5120K)
 Metaspace       used 47183K, committed 47680K, reserved 1114112K
  class space    used 6216K, committed 6464K, reserved 1048576K
}
Event: 7.913 GC heap before
{Heap before GC invocations=10 (full 0):
 garbage-first heap   total 72704K, used 25531K [0x0000000084400000, 0x0000000100000000)
  region size 1024K, 6 young (6144K), 5 survivors (5120K)
 Metaspace       used 47406K, committed 47872K, reserved 1114112K
  class space    used 6244K, committed 6464K, reserved 1048576K
}
Event: 7.918 GC heap after
{Heap after GC invocations=11 (full 0):
 garbage-first heap   total 72704K, used 24367K [0x0000000084400000, 0x0000000100000000)
  region size 1024K, 1 young (1024K), 1 survivors (1024K)
 Metaspace       used 47406K, committed 47872K, reserved 1114112K
  class space    used 6244K, committed 6464K, reserved 1048576K
}
Event: 8.563 GC heap before
{Heap before GC invocations=11 (full 0):
 garbage-first heap   total 72704K, used 54063K [0x0000000084400000, 0x0000000100000000)
  region size 1024K, 30 young (30720K), 1 survivors (1024K)
 Metaspace       used 54816K, committed 55296K, reserved 1114112K
  class space    used 7318K, committed 7552K, reserved 1048576K
}
Event: 8.569 GC heap after
{Heap after GC invocations=12 (full 0):
 garbage-first heap   total 72704K, used 25458K [0x0000000084400000, 0x0000000100000000)
  region size 1024K, 2 young (2048K), 2 survivors (2048K)
 Metaspace       used 54816K, committed 55296K, reserved 1114112K
  class space    used 7318K, committed 7552K, reserved 1048576K
}
Event: 8.913 GC heap before
{Heap before GC invocations=12 (full 0):
 garbage-first heap   total 72704K, used 53106K [0x0000000084400000, 0x0000000100000000)
  region size 1024K, 30 young (30720K), 2 survivors (2048K)
 Metaspace       used 59777K, committed 60288K, reserved 1114112K
  class space    used 8066K, committed 8320K, reserved 1048576K
}
Event: 8.918 GC heap after
{Heap after GC invocations=13 (full 0):
 garbage-first heap   total 72704K, used 26362K [0x0000000084400000, 0x0000000100000000)
  region size 1024K, 3 young (3072K), 3 survivors (3072K)
 Metaspace       used 59777K, committed 60288K, reserved 1114112K
  class space    used 8066K, committed 8320K, reserved 1048576K
}
Event: 9.553 GC heap before
{Heap before GC invocations=14 (full 0):
 garbage-first heap   total 72704K, used 56058K [0x0000000084400000, 0x0000000100000000)
  region size 1024K, 32 young (32768K), 3 survivors (3072K)
 Metaspace       used 64772K, committed 65280K, reserved 1114112K
  class space    used 8783K, committed 9024K, reserved 1048576K
}
Event: 9.557 GC heap after
{Heap after GC invocations=15 (full 0):
 garbage-first heap   total 72704K, used 28981K [0x0000000084400000, 0x0000000100000000)
  region size 1024K, 4 young (4096K), 4 survivors (4096K)
 Metaspace       used 64772K, committed 65280K, reserved 1114112K
  class space    used 8783K, committed 9024K, reserved 1048576K
}
Event: 9.800 GC heap before
{Heap before GC invocations=15 (full 0):
 garbage-first heap   total 72704K, used 55605K [0x0000000084400000, 0x0000000100000000)
  region size 1024K, 31 young (31744K), 4 survivors (4096K)
 Metaspace       used 67750K, committed 68288K, reserved 1114112K
  class space    used 9367K, committed 9600K, reserved 1048576K
}
Event: 9.804 GC heap after
{Heap after GC invocations=16 (full 0):
 garbage-first heap   total 72704K, used 30711K [0x0000000084400000, 0x0000000100000000)
  region size 1024K, 2 young (2048K), 2 survivors (2048K)
 Metaspace       used 67750K, committed 68288K, reserved 1114112K
  class space    used 9367K, committed 9600K, reserved 1048576K
}
Event: 9.895 GC heap before
{Heap before GC invocations=16 (full 0):
 garbage-first heap   total 72704K, used 57335K [0x0000000084400000, 0x0000000100000000)
  region size 1024K, 28 young (28672K), 2 survivors (2048K)
 Metaspace       used 68437K, committed 68928K, reserved 1114112K
  class space    used 9557K, committed 9792K, reserved 1048576K
}
Event: 9.898 GC heap after
{Heap after GC invocations=17 (full 0):
 garbage-first heap   total 72704K, used 31297K [0x0000000084400000, 0x0000000100000000)
  region size 1024K, 3 young (3072K), 3 survivors (3072K)
 Metaspace       used 68437K, committed 68928K, reserved 1114112K
  class space    used 9557K, committed 9792K, reserved 1048576K
}
Event: 10.288 GC heap before
{Heap before GC invocations=17 (full 0):
 garbage-first heap   total 72704K, used 56897K [0x0000000084400000, 0x0000000100000000)
  region size 1024K, 29 young (29696K), 3 survivors (3072K)
 Metaspace       used 70677K, committed 71232K, reserved 1114112K
  class space    used 9877K, committed 10112K, reserved 1048576K
}
Event: 10.291 GC heap after
{Heap after GC invocations=18 (full 0):
 garbage-first heap   total 72704K, used 32485K [0x0000000084400000, 0x0000000100000000)
  region size 1024K, 3 young (3072K), 3 survivors (3072K)
 Metaspace       used 70677K, committed 71232K, reserved 1114112K
  class space    used 9877K, committed 10112K, reserved 1048576K
}

